20260418_BBB_Superstition
Listen to Her Heart - Tom Petty
The Way - Fastball
Walk Away - James Gang
Hurts So Good - John Cougar
Some Kind of Wonderful - Grand Funk Railroad
Brown Eyed Girl - Van Morrison
I Saw Her Standing There - The Beatles
All Right Now - Free
Bad Case of Loving You (Doctor, Doctor) - Robert Palmer
Authority Song - John Cougar Mellencamp
Long Cool Woman (In a Black Dress) - The Hollies
Green River - Creedence Clearwater Revival
Hold On Loosely - 38 Special
(I Can't Get No) Satisfaction - The Rolling Stones
Can't You See That She's Mine - The Dave Clark Five
Back in the U.S.S.R. - The Beatles
Already Gone - Eagles
Pump It Up - Elvis Costello & The Attractions
Honky Tonk Women - The Rolling Stones
Hippy Hippy Shake - The Swinging Blue Jeans
Little Miss Can't Be Wrong - Spin Doctors
Hot Blooded - Foreigner
Johnny B. Goode - Chuck Berry
Jailbreak - Thin Lizzy
Working for the Weekend - Loverboy
