20260131_BBB_Blackstone_1
Listen to Her Heart - Tom Petty
Hurts So Good - John Cougar
Hold On Loosely - 38 Special
Little Miss Can't Be Wrong - Spin Doctors
Bad Case of Loving You (Doctor, Doctor) - Robert Palmer
Long Cool Woman (In a Black Dress) - The Hollies
Green River - Creedence Clearwater Revival
American Girl - Tom Petty
Already Gone - Eagles
Authority Song - John Cougar Mellencamp
Good Lovin' Gone Bad - Bad Company
I Need to Know - Tom Petty and the Heartbreakers
Some Kind of Wonderful - Grand Funk Railroad
All Right Now - Free
Keep Your Hands to Yourself - The Georgia Satellites
Hot Blooded - Foreigner
Gimme Three Steps - Lynyrd Skynyrd
Sunspot Baby - Bob Seger & The Silver Bullet Band
Can't You See That She's Mine - The Dave Clark Five
Devil with the Blue Dress On - Mitch Ryder and The Detroit Wheels
Mustang Sally - Wilson Pickett
