20260313_WL_Friendship_1
Long Train Runnin' - The Doobie Brothers
Love Shack - The B-52's
I Saw Her Standing There - The Beatles
Tush - ZZ Top
American Girl - Tom Petty
Born to Be Wild - Steppenwolf
Honky Tonk Women - The Rolling Stones
(I Can't Get No) Satisfaction - The Rolling Stones
Play That Funky Music - Wild Cherry
Some Kind of Wonderful - Grand Funk Railroad
Long Cool Woman (In a Black Dress) - The Hollies
All Right Now - Free
Birthday - The Beatles
Sugar, Sugar - The Archies
Walk Away - James Gang
When a Man Loves a Woman - Percy Sledge
Keep Your Hands to Yourself - The Georgia Satellites
T.N.T. - AC/DC
Twist and Shout - The Beatles
Mony Mony - Billy Idol
