NYE BBB 2
Josie - Steely Dan
T.N.T. - AC/DC
I Need to Know - Tom Petty and the Heartbreakers
Sweet Caroline - Neil Diamond
Mustang Sally - Wilson Pickett
You Wreck Me - Tom Petty
Surrender - Cheap Trick
Green River - Creedence Clearwater Revival
Runnin' Down a Dream - Tom Petty
Betty Lou's Gettin' Out Tonight - Bob Seger & The Silver Bullet Band
Birthday - The Beatles
Footloose - Kenny Loggins
Long Cool Woman (In a Black Dress) - The Hollies
I Hate Myself for Loving You - Joan Jett & the Blackhearts
Working for the Weekend - Loverboy
Auld Lang Syne - Traditional
Can't You See - The Marshall Tucker Band
Gimme Three Steps - Lynyrd Skynyrd
Bad Case of Loving You (Doctor, Doctor) - Robert Palmer
Feels Like the First Time - Foreigner
Hard to Handle - The Black Crowes
Sunspot Baby - Bob Seger & The Silver Bullet Band
China Grove - The Doobie Brothers
Hot Blooded - Foreigner
