NYE BBB 1
Baker Street - Gerry Rafferty
Saturday in the Park - Chicago
Vehicle - The Ides of March
American Girl - Tom Petty
All Right Now - Free
Honky Tonk Women - The Rolling Stones
Born to Be Wild - Steppenwolf
I Saw Her Standing There - The Beatles
Mony Mony - Billy Idol
Some Kind of Wonderful - Grand Funk Railroad
Old Time Rock & Roll - Bob Seger
Tush - ZZ Top
Play That Funky Music - Wild Cherry
Auld Lang Syne - Traditional
When a Man Loves a Woman - Percy Sledge
Keep Your Hands to Yourself - The Georgia Satellites
Smooth - Santana featuring Rob Thomas
Boot Scootin' Boogie - Brooks & Dunn
Fake ID - Big & Rich
Devil with the Blue Dress On - Mitch Ryder and The Detroit Wheels
Satisfaction - The Rolling Stones
Sweet Home Alabama - Lynyrd Skynyrd
