Whiskey Lizard
Ain't Nobody - Chaka Khan
All Right Now - Free
Betty Lou's Gettin Out Tonight - Bob Seger & The Silver Bullet Band
Black Velvet - Alannah Myles
Boot Scootin' Boogie - Brooks & Dunn
Brown Eyed Girl - Van Morrison
China Grove - The Doobie Brothers
Footloose - Kenny Loggins
Hard to Handle - The Black Crowes
Hotel California - Eagles
Long Cool Woman in a Black Dress - The Hollies
Magic Carpet Ride - Steppenwolf
My Old School - Steely Dan
Neon Moon - Brooks & Dunn
Santeria - Sublime
Saturday in the Park - Chicago
September - Earth, Wind & Fire
Stop Draggin' My Heart Around - Stevie Nicks and Tom Petty
Sweet Child O' Mine - Guns N' Roses
This Is How We Do It - Montell Jordan
Turn the Page - Metallica
