WL DMSF Set B1
Saturday in the Park - Chicago
Betty Lou's Gettin' Out Tonight - Bob Seger & The Silver Bullet Band
Sweet Home Alabama - Lynyrd Skynyrd
Vehicle - The Ides of March
China Grove - The Doobie Brothers
American Girl - Tom Petty
Hard to Handle - The Black Crowes
Born to Be Wild - Steppenwolf
Mony Mony - Billy Idol
Keep Your Hands to Yourself - The Georgia Satellites
Johnny B. Goode - Chuck Berry
Runnin' Down a Dream - Tom Petty
Play That Funky Music - Wild Cherry
We Are Family - Sister Sledge
Ladies Night - Kool & The Gang
Tennessee Whiskey - Chris Stapleton
Turn the Page - Metallica
Jumpin' Jack Flash - The Rolling Stones
Roadhouse Blues - The Doors
Hurts So Good - John Cougar
Sweet Caroline - Neil Diamond
