WL DMSF Set B2
Baker Street - Gerry Rafferty
All Right Now - Free
Boot Scootin' Boogie - Brooks & Dunn
Fake ID - Big & Rich
You Wreck Me - Tom Petty
Tush - ZZ Top
T.N.T. - AC/DC
Long Cool Woman (In a Black Dress) - The Hollies
Footloose - Kenny Loggins
Mustang Sally - Wilson Pickett
Gimme Three Steps - Lynyrd Skynyrd
Pick Up the Pieces - Average White Band
Smooth - Santana featuring Rob Thomas
Can't You See - The Marshall Tucker Band
Honky Tonk Women - The Rolling Stones
You Might Think - The Cars
Little Miss Can't Be Wrong - Spin Doctors
I Saw Her Standing There - The Beatles
Sharp Dressed Man - ZZ Top
Surrender - Cheap Trick
I Need to Know - Tom Petty and the Heartbreakers
25 or 6 to 4 - Chicago
