WL Fall 2025 Set 2
25 or 6 to 4 - Chicago
Baker Street - Gerry Rafferty
Betty Lou's Gettin' Out Tonight - Bob Seger & The Silver Bullet Band
Double Vision - Foreigner
Hard to Handle - The Black Crowes
Sweet Caroline - Neil Diamond
Play That Funky Music - Wild Cherry
Boogie Oogie Oogie - A Taste of Honey
We Are Family - Sister Sledge
Ladies Night - Kool & The Gang
Tennessee Whiskey - Chris Stapleton
Fake ID - Big & Rich
Boot Scootin' Boogie - Brooks & Dunn
Honky Tonk Women - The Rolling Stones
Auld Lang Syne - Traditional
Smooth - Santana featuring Rob Thomas
I Hate Myself for Loving You - Joan Jett & the Blackhearts
Man! I Feel Like a Woman! - Shania Twain
I Need to Know - Tom Petty and the Heartbreakers
Tush - ZZ Top
Mustang Sally - Wilson Pickett
Runnin' Down a Dream - Tom Petty
Feels Like the First Time - Foreigner
