WL NYE Set 3
Sweet Caroline - Neil Diamond
Surrender - Cheap Trick
Urgent - Foreigner
Old Time Rock & Roll - Bob Seger
Smooth - Santana featuring Rob Thomas
Double Vision - Foreigner
I Hate Myself for Loving You - Joan Jett & the Blackhearts
I Need to Know - Tom Petty and the Heartbreakers
Josie - Steely Dan
Footloose - Kenny Loggins
Long Cool Woman (In a Black Dress) - The Hollies
Don't Stop Believin' - Journey
Mustang Sally - Wilson Pickett
Betty Lou's Gettin' Out Tonight - Bob Seger & The Silver Bullet Band
Sweet Home Alabama - Lynyrd Skynyrd
Keep Your Hands to Yourself - The Georgia Satellites
Play That Funky Music - Wild Cherry
Boogie Oogie Oogie - A Taste of Honey
We Are Family - Sister Sledge
Ladies Night - Kool & The Gang
Proud Mary - Ike and Tina Turner
