WL NYE Set 1
Josie - Steely Dan
25 or 6 to 4 - Chicago
I Saw Her Standing There - The Beatles
American Girl - Tom Petty
Honky Tonk Women - The Rolling Stones
Born to Be Wild - Steppenwolf
Footloose - Kenny Loggins
Satisfaction - The Rolling Stones
Play That Funky Music - Wild Cherry
Some Kind of Wonderful - Grand Funk Railroad
Long Cool Woman (In a Black Dress) - The Hollies
Mustang Sally - Wilson Pickett
Tush - ZZ Top
Auld Lang Syne - Traditional
When a Man Loves a Woman - Percy Sledge
Keep Your Hands to Yourself - The Georgia Satellites
T.N.T. - AC/DC
Smooth - Santana featuring Rob Thomas
Vehicle - The Ides of March
Sweet Caroline - Neil Diamond
Proud Mary - Ike and Tina Turner
Betty Lou's Gettin' Out Tonight - Bob Seger & The Silver Bullet Band
Birthday - The Beatles
