WL NYE Set 2
Saturday in the Park - Chicago
Stop Draggin' My Heart Around - Stevie Nicks and Tom Petty
Long, Long Way from Home - Foreigner
All Right Now - Free
You Wreck Me - Tom Petty
Surrender - Cheap Trick
Runnin' Down a Dream - Tom Petty
Boogie Oogie Oogie - A Taste of Honey
We Are Family - Sister Sledge
Gimme Three Steps - Lynyrd Skynyrd
Boot Scootin' Boogie - Brooks & Dunn
Fake ID - Big & Rich
I Need to Know - Tom Petty and the Heartbreakers
Mony Mony - Billy Idol
Auld Lang Syne - Traditional
Can't You See - The Marshall Tucker Band
Hard to Handle - The Black Crowes
Old Time Rock & Roll - Bob Seger
I Hate Myself for Loving You - Joan Jett & the Blackhearts
Urgent - Foreigner
Sweet Home Alabama - Lynyrd Skynyrd
Feels Like the First Time - Foreigner
China Grove - The Doobie Brothers
Tennessee Whiskey - Chris Stapleton
